nohup: ignoring input
2026-01-20 17:05:17 WARNING  --insecure flag set. Caldera will use server.py:243
                             the default user accounts in                       
                             default.yml config file.                           
                    INFO     Using main config from                server.py:252
                             conf/default.yml                                   
                    DEBUG    Loaded 2 parsers                 learning_svc.py:20
                    DEBUG    Nginx proxy already configured nginx_manager.py:345
                             and running                                        
2026-01-20 17:05:18 DEBUG    Collision in ability name detected c_ability.py:103
                             for                                                
                             10a9d979-e342-418a-a9b0-002c483e0f                 
                             a6 and                                             
                             b1d41972-3ad9-4aa1-8f7f-05f049a298                 
                             0e (Start 54ndc47). Modifying name                 
                             of the second ability to Start                     
                             54ndc47 (2)...                                     
                    DEBUG    Collision in ability name detected c_ability.py:103
                             for                                                
                             1d3cb1429f530cb89f41c65e57f03db4                   
                             and                                                
                             2488245e-bcbd-405d-920e-2de27db882                 
                             b3 (Query Registry). Modifying                     
                             name of the second ability to                      
                             Query Registry (2)...                              
                    DEBUG    Collision in ability name detected c_ability.py:103
                             for                                                
                             68a0a328719faa26fff5b92e18108b3f                   
                             and                                                
                             26d3702887944abcc64b406baf8f8e43                   
                             (Enumerate users and groups).                      
                             Modifying name of the second                       
                             ability to Enumerate users and                     
                             groups (2)...                                      
                    DEBUG    Collision in ability name detected c_ability.py:103
                             for                                                
                             b73d58b20bcb138a26175f240cca9de2                   
                             and                                                
                             dca8b042fcdffcc1f5cddcff4122c434                   
                             (System Information Discovery).                    
                             Modifying name of the second                       
                             ability to System Information                      
                             Discovery (2)...                                   
                    DEBUG    Collision in ability name detected c_ability.py:103
                             for                                                
                             44705da4b28c8fa57fc2a2940b34565a                   
                             and                                                
                             dca8b042fcdffcc1f5cddcff4122c434                   
                             (System Information Discovery).                    
                             Modifying name of the second                       
                             ability to System Information                      
                             Discovery (2)...                                   
                    DEBUG    Collision in ability name detected c_ability.py:103
                             for                                                
                             4370001012f5f0df001269627b4737e9                   
                             and                                                
                             942316dc6a362e44b248a872e5f42c92                   
                             (System Owner/User Discovery).                     
                             Modifying name of the second                       
                             ability to System Owner/User                       
                             Discovery (2)...                                   
                    DEBUG    Collision in ability name detected c_ability.py:103
                             for                                                
                             5ac7f6ec1898d8d408f9cdc687262cc7                   
                             and                                                
                             7db784562afbea0265fcafc4243b66de                   
                             (Exfiltration Over Alternative                     
                             Protocol - SSH). Modifying name of                 
                             the second ability to Exfiltration                 
                             Over Alternative Protocol - SSH                    
                             (2)...                                             
                    DEBUG    Collision in ability name detected c_ability.py:103
                             for                                                
                             3838447b079b302fe75b700a70163815                   
                             and                                                
                             fcf71ee3-d1a9-4136-b919-9e5f6da436                 
                             08 (Clear Logs). Modifying name of                 
                             the second ability to Clear Logs                   
                             (2)...                                             
                    DEBUG    Collision in ability name detected c_ability.py:103
                             for                                                
                             f674301b84ea3344f119270bf7bb97cd                   
                             and                                                
                             4d4b29abb6b1e580e33c0035c1fc37ad                   
                             (rm -rf). Modifying name of the                    
                             second ability to rm -rf (2)...                    
                    DEBUG    Collision in ability name detected c_ability.py:103
                             for                                                
                             9bd1997d793d0ac5b1aea4888c75c932                   
                             and                                                
                             3bfd3a51f3c7352d7c6c6c785d01e5f7                   
                             (Loadable Kernel Module based                      
                             Rootkit). Modifying name of the                    
                             second ability to Loadable Kernel                  
                             Module based Rootkit (2)...                        
                    DEBUG    Collision in ability name detected c_ability.py:103
                             for                                                
                             9bd17863cd45f82002a6f011de139363                   
                             and                                                
                             ab44803d5a9c299258efff185b0f70b5                   
                             (rc.common). Modifying name of the                 
                             second ability to rc.common (2)...                 
                    DEBUG    Collision in ability name detected c_ability.py:103
                             for                                                
                             e0c75b4cc32124ef4c61508694fd0808                   
                             and                                                
                             c84a57391dbc724dc51436deb3e0ca00                   
                             (Get-DomainUser with PowerView).                   
                             Modifying name of the second                       
                             ability to Get-DomainUser with                     
                             PowerView (2)...                                   
                    DEBUG    Collision in ability name detected c_ability.py:103
                             for                                                
                             52928f462ea8f5fa617aa8c815f5598b                   
                             and                                                
                             5e3512c73a461c17ddcb1cc0bbdbeef9                   
                             (WinPwn - PowerSharpPack -                         
                             Kerberoasting Using Rubeus).                       
                             Modifying name of the second                       
                             ability to WinPwn - PowerSharpPack                 
                             - Kerberoasting Using Rubeus                       
                             (2)...                                             
                    DEBUG    Restored data from persistent       data_svc.py:116
                             storage                                            
                    DEBUG    There are 0 jobs in the scheduler   data_svc.py:117
                    DEBUG    Restored data from        base_knowledge_svc.py:308
                             persistent storage                                 
                    DEBUG    Registered contact: gist          contact_svc.py:38
                    DEBUG    Registered contact: html          contact_svc.py:38
                    DEBUG    Registered contact: ftp           contact_svc.py:38
                    DEBUG    Registered contact: slack         contact_svc.py:38
                    DEBUG    Registered contact: tcp           contact_svc.py:38
                    DEBUG    Registered contact: websocket     contact_svc.py:38
                    DEBUG    Registered contact: http          contact_svc.py:38
                    DEBUG    Registered contact: dns           contact_svc.py:38
                    DEBUG    Registered contact: udp           contact_svc.py:38
                    DEBUG    Registered contact tunnel:        contact_svc.py:53
                             ssh_tunneling                                      
                    INFO     Invalid Github Gist personal API contact_gist.py:70
                             token provided. Gist C2 contact                    
                             will not be started.                               
                    INFO     Generating temporary SSH private   tunnel_ssh.py:26
                             key. Was unable to use provided                    
                             SSH private key                                    
                    INFO     Enabled plugin: access               app_svc.py:131
                    DEBUG    Loaded gocat extension module: slack sand_svc.py:94
                    DEBUG    Loaded gocat extension module:       sand_svc.py:94
                             dns_tunneling                                      
                    DEBUG    Loaded gocat extension module:       sand_svc.py:94
                             proxy_http                                         
                    DEBUG    Loaded gocat extension module:       sand_svc.py:94
                             shells                                             
                    DEBUG    Loaded gocat extension module:       sand_svc.py:94
                             native                                             
                    DEBUG    Loaded gocat extension module:       sand_svc.py:94
                             shellcode                                          
                    DEBUG    Loaded gocat extension module: donut sand_svc.py:94
                    DEBUG    Loaded gocat extension module:       sand_svc.py:94
                             shared                                             
                    INFO     Enabled plugin: merlino              app_svc.py:131
                    INFO     Enabled plugin: compass              app_svc.py:131
                    ERROR    Error importing plugin=builder, No   c_plugin.py:91
                             module named 'docker'                              
                    ERROR    Error loading plugin=builder,        c_plugin.py:59
                             'NoneType' object has no attribute                 
                             'description'                                      
                    INFO     Enabled plugin: training             app_svc.py:131
                    INFO     Enabled plugin: debrief              app_svc.py:131
                    INFO     Enabled plugin: manx                 app_svc.py:131
                    INFO     Enabled plugin: stockpile            app_svc.py:131
                    INFO     Enabled plugin: atomic               app_svc.py:131
                    INFO     Enabled plugin: fieldmanual          app_svc.py:131
                    INFO     Enabled plugin: magma                app_svc.py:131
                    DEBUG    Configuration (agents) update,     base_world.py:46
                             setting                                            
                             deployments=['0ab383be-b819-41bf-9                 
                             1b9-1bd4404d83bf',                                 
                             '356d1722-7784-40c4-822b-0cf864b0b                 
                             36d',                                              
                             '2f34977d-9558-4c12-abad-349716777                 
                             c6b',                                              
                             '1837b43e-4fff-46b2-a604-a602f7540                 
                             469',                                              
                             'merlino-1234-5678-90ab-cdef-merli                 
                             no1']                                              
                    INFO     Enabled plugin: response             app_svc.py:131
                    DEBUG    Loaded gocat extension module: slack sand_svc.py:94
                    DEBUG    Loaded gocat extension module:       sand_svc.py:94
                             dns_tunneling                                      
                    DEBUG    Loaded gocat extension module:       sand_svc.py:94
                             proxy_http                                         
                    DEBUG    Loaded gocat extension module:       sand_svc.py:94
                             shells                                             
                    DEBUG    Loaded gocat extension module:       sand_svc.py:94
                             native                                             
                    DEBUG    Loaded gocat extension module:       sand_svc.py:94
                             shellcode                                          
                    DEBUG    Loaded gocat extension module: donut sand_svc.py:94
                    DEBUG    Loaded gocat extension module:       sand_svc.py:94
                             shared                                             
                    INFO     Enabled plugin: sandcat              app_svc.py:131
                    INFO     Creating SSH listener on 0.0.0.0,    logging.py:102
                             port 8022                                          
                    INFO     serving on 0.0.0.0:2222               server.py:741
                    WARNING  Unable to properly load .donut for  data_svc.py:459
                             payload                                            
                             plugins.stockpile.app.donut.donut_h                
                             andler due to failed import                        
2026-01-20 17:05:22 INFO     Docs built successfully.                 hook.py:60
                    DEBUG    Using default login handler.        auth_svc.py:209
                    DEBUG    Created authentication group: blue   auth_svc.py:72
                    DEBUG    Created authentication group: red    auth_svc.py:72
                    DEBUG    = connection is CONNECTING          protocol.py:175
                    DEBUG    > GET /system/ready HTTP/1.1          client.py:292
                    DEBUG    > Host: 0.0.0.0:7012                  client.py:294
                    DEBUG    > Upgrade: websocket                  client.py:294
                    DEBUG    > Connection: Upgrade                 client.py:294
                    DEBUG    > Sec-WebSocket-Key:                  client.py:294
                             rwsnpuuYAjijcvzszIVuJw==                           
                    DEBUG    > Sec-WebSocket-Version: 13           client.py:294
                    DEBUG    > Sec-WebSocket-Extensions:           client.py:294
                             permessage-deflate;                                
                             client_max_window_bits                             
                    DEBUG    > User-Agent: Python/3.12             client.py:294
                             websockets/15.0                                    
                    DEBUG    < HTTP/1.1 101 Switching Protocols    client.py:318
                    DEBUG    < Date: Tue, 20 Jan 2026 17:05:22 GMT client.py:320
                    DEBUG    < Upgrade: websocket                  client.py:320
                    DEBUG    < Connection: Upgrade                 client.py:320
                    DEBUG    < Sec-WebSocket-Accept:               client.py:320
                             cUZyy6EGbUludGRobgTwSAafoVY=                       
                    DEBUG    < Sec-WebSocket-Extensions:           client.py:320
                             permessage-deflate;                                
                             server_max_window_bits=12;                         
                             client_max_window_bits=12                          
                    DEBUG    < Server: Python/3.12 websockets/15.0 client.py:320
                    DEBUG    = connection is OPEN                protocol.py:175
                    DEBUG    < CLOSE 1000 (OK) [2 bytes]         protocol.py:599
                    DEBUG    > CLOSE 1000 (OK) [2 bytes]         protocol.py:745
                    DEBUG    = connection is CLOSING             protocol.py:175
                    DEBUG    < EOF                               protocol.py:649
                    DEBUG    > EOF                               protocol.py:757
                    DEBUG    = connection is CLOSED              protocol.py:175
                    DEBUG    x half-closing TCP connection     connection.py:974
                    INFO     All systems ready.                    server.py:128

███╗   ███╗ ██████╗ ██████╗  ██████╗  █████╗ ███╗   ██╗ █████╗ 
████╗ ████║██╔═══██╗██╔══██╗██╔════╝ ██╔══██╗████╗  ██║██╔══██╗
██╔████╔██║██║   ██║██████╔╝██║  ███╗███████║██╔██╗ ██║███████║
██║╚██╔╝██║██║   ██║██╔══██╗██║   ██║██╔══██║██║╚██╗██║██╔══██║
██║ ╚═╝ ██║╚██████╔╝██║  ██║╚██████╔╝██║  ██║██║ ╚████║██║  ██║
╚═╝     ╚═╝ ╚═════╝ ╚═╝  ╚═╝ ╚═════╝ ╚═╝  ╚═╝╚═╝  ╚═══╝╚═╝  ╚═╝
         █████╗ ██████╗ ███████╗███████╗███╗   ██╗ █████╗ ██╗     
        ██╔══██╗██╔══██╗██╔════╝██╔════╝████╗  ██║██╔══██╗██║     
        ███████║██████╔╝███████╗█████╗  ██╔██╗ ██║███████║██║     
        ██╔══██║██╔══██╗╚════██║██╔══╝  ██║╚██╗██║██╔══██║██║     
        ██║  ██║██║  ██║███████║███████╗██║ ╚████║██║  ██║███████╗
        ╚═╝  ╚═╝╚═╝  ╚═╝╚══════╝╚══════╝╚═╝  ╚═══╝╚═╝  ╚═╝╚══════╝

2026-01-20 17:05:32 DEBUG    [OPERATION_RUN] Starting         c_operation.py:376
                             operation sdfsdf (ID:                              
                             e61931c8-c82e-4a7b-b961-05d799bc                   
                             6274, state: running)                              
                    DEBUG    = connection is CONNECTING          protocol.py:175
                    DEBUG    > GET /fact/added HTTP/1.1            client.py:292
                    DEBUG    > Host: 0.0.0.0:7012                  client.py:294
                    DEBUG    > Upgrade: websocket                  client.py:294
                    DEBUG    > Connection: Upgrade                 client.py:294
                    DEBUG    > Sec-WebSocket-Key:                  client.py:294
                             IsJaKds8OgLKYGgYieOP/w==                           
                    DEBUG    > Sec-WebSocket-Version: 13           client.py:294
                    DEBUG    > Sec-WebSocket-Extensions:           client.py:294
                             permessage-deflate;                                
                             client_max_window_bits                             
                    DEBUG    > User-Agent: Python/3.12             client.py:294
                             websockets/15.0                                    
                    DEBUG    < HTTP/1.1 101 Switching Protocols    client.py:318
                    DEBUG    < Date: Tue, 20 Jan 2026 17:05:32 GMT client.py:320
                    DEBUG    < Upgrade: websocket                  client.py:320
                    DEBUG    < Connection: Upgrade                 client.py:320
                    DEBUG    < Sec-WebSocket-Accept:               client.py:320
                             jGh67Gdt13ZOiTPq2zomdTuf79M=                       
                    DEBUG    < Sec-WebSocket-Extensions:           client.py:320
                             permessage-deflate;                                
                             server_max_window_bits=12;                         
                             client_max_window_bits=12                          
                    DEBUG    < Server: Python/3.12 websockets/15.0 client.py:320
                    DEBUG    = connection is OPEN                protocol.py:175
                    DEBUG    < CLOSE 1000 (OK) [2 bytes]         protocol.py:599
                    DEBUG    > CLOSE 1000 (OK) [2 bytes]         protocol.py:745
                    DEBUG    = connection is CLOSING             protocol.py:175
                    DEBUG    < EOF                               protocol.py:649
                    DEBUG    > EOF                               protocol.py:757
                    DEBUG    = connection is CLOSED              protocol.py:175
                    DEBUG    x half-closing TCP connection     connection.py:974
                    DEBUG    = connection is CONNECTING          protocol.py:175
                    DEBUG    > GET /fact/added HTTP/1.1            client.py:292
                    DEBUG    > Host: 0.0.0.0:7012                  client.py:294
                    DEBUG    > Upgrade: websocket                  client.py:294
                    DEBUG    > Connection: Upgrade                 client.py:294
                    DEBUG    > Sec-WebSocket-Key:                  client.py:294
                             PZ04uGUdc92eO1no/7sx5w==                           
                    DEBUG    > Sec-WebSocket-Version: 13           client.py:294
                    DEBUG    > Sec-WebSocket-Extensions:           client.py:294
                             permessage-deflate;                                
                             client_max_window_bits                             
                    DEBUG    > User-Agent: Python/3.12             client.py:294
                             websockets/15.0                                    
                    DEBUG    < HTTP/1.1 101 Switching Protocols    client.py:318
                    DEBUG    < Date: Tue, 20 Jan 2026 17:05:32 GMT client.py:320
                    DEBUG    < Upgrade: websocket                  client.py:320
                    DEBUG    < Connection: Upgrade                 client.py:320
                    DEBUG    < Sec-WebSocket-Accept:               client.py:320
                             Wppwio9rP97tJWsoDS8SuvJ34TQ=                       
                    DEBUG    < Sec-WebSocket-Extensions:           client.py:320
                             permessage-deflate;                                
                             server_max_window_bits=12;                         
                             client_max_window_bits=12                          
                    DEBUG    < Server: Python/3.12 websockets/15.0 client.py:320
                    DEBUG    = connection is OPEN                protocol.py:175
                    DEBUG    < CLOSE 1000 (OK) [2 bytes]         protocol.py:599
                    DEBUG    > CLOSE 1000 (OK) [2 bytes]         protocol.py:745
                    DEBUG    = connection is CLOSING             protocol.py:175
                    DEBUG    < EOF                               protocol.py:649
                    DEBUG    > EOF                               protocol.py:757
                    DEBUG    = connection is CLOSED              protocol.py:175
                    DEBUG    x half-closing TCP connection     connection.py:974
                    DEBUG    = connection is CONNECTING          protocol.py:175
                    DEBUG    > GET /fact/added HTTP/1.1            client.py:292
                    DEBUG    > Host: 0.0.0.0:7012                  client.py:294
                    DEBUG    > Upgrade: websocket                  client.py:294
                    DEBUG    > Connection: Upgrade                 client.py:294
                    DEBUG    > Sec-WebSocket-Key:                  client.py:294
                             Kvt9BLcptRu1lj6RnEqkpA==                           
                    DEBUG    > Sec-WebSocket-Version: 13           client.py:294
                    DEBUG    > Sec-WebSocket-Extensions:           client.py:294
                             permessage-deflate;                                
                             client_max_window_bits                             
                    DEBUG    > User-Agent: Python/3.12             client.py:294
                             websockets/15.0                                    
                    DEBUG    < HTTP/1.1 101 Switching Protocols    client.py:318
                    DEBUG    < Date: Tue, 20 Jan 2026 17:05:32 GMT client.py:320
                    DEBUG    < Upgrade: websocket                  client.py:320
                    DEBUG    < Connection: Upgrade                 client.py:320
                    DEBUG    < Sec-WebSocket-Accept:               client.py:320
                             4YtfLc2m8k96oomutxOPnXf5+oI=                       
                    DEBUG    < Sec-WebSocket-Extensions:           client.py:320
                             permessage-deflate;                                
                             server_max_window_bits=12;                         
                             client_max_window_bits=12                          
                    DEBUG    < Server: Python/3.12 websockets/15.0 client.py:320
                    DEBUG    = connection is OPEN                protocol.py:175
                    DEBUG    < CLOSE 1000 (OK) [2 bytes]         protocol.py:599
                    DEBUG    > CLOSE 1000 (OK) [2 bytes]         protocol.py:745
                    DEBUG    = connection is CLOSING             protocol.py:175
                    DEBUG    < EOF                               protocol.py:649
                    DEBUG    > EOF                               protocol.py:757
                    DEBUG    = connection is CLOSED              protocol.py:175
                    DEBUG    x half-closing TCP connection     connection.py:974
                    DEBUG    = connection is CONNECTING          protocol.py:175
                    DEBUG    > GET /fact/added HTTP/1.1            client.py:292
                    DEBUG    > Host: 0.0.0.0:7012                  client.py:294
                    DEBUG    > Upgrade: websocket                  client.py:294
                    DEBUG    > Connection: Upgrade                 client.py:294
                    DEBUG    > Sec-WebSocket-Key:                  client.py:294
                             WD4O3lv6SC9hIqI8HJVeeA==                           
                    DEBUG    > Sec-WebSocket-Version: 13           client.py:294
                    DEBUG    > Sec-WebSocket-Extensions:           client.py:294
                             permessage-deflate;                                
                             client_max_window_bits                             
                    DEBUG    > User-Agent: Python/3.12             client.py:294
                             websockets/15.0                                    
                    DEBUG    < HTTP/1.1 101 Switching Protocols    client.py:318
                    DEBUG    < Date: Tue, 20 Jan 2026 17:05:32 GMT client.py:320
                    DEBUG    < Upgrade: websocket                  client.py:320
                    DEBUG    < Connection: Upgrade                 client.py:320
                    DEBUG    < Sec-WebSocket-Accept:               client.py:320
                             nLMFAqnWnpgB0wHrMrkRcoWomYE=                       
                    DEBUG    < Sec-WebSocket-Extensions:           client.py:320
                             permessage-deflate;                                
                             server_max_window_bits=12;                         
                             client_max_window_bits=12                          
                    DEBUG    < Server: Python/3.12 websockets/15.0 client.py:320
                    DEBUG    = connection is OPEN                protocol.py:175
                    DEBUG    < CLOSE 1000 (OK) [2 bytes]         protocol.py:599
                    DEBUG    > CLOSE 1000 (OK) [2 bytes]         protocol.py:745
                    DEBUG    = connection is CLOSING             protocol.py:175
                    DEBUG    < EOF                               protocol.py:649
                    DEBUG    > EOF                               protocol.py:757
                    DEBUG    = connection is CLOSED              protocol.py:175
                    DEBUG    x half-closing TCP connection     connection.py:974
                    DEBUG    [OPERATION_RUN] Ceding control   c_operation.py:381
                             to planner for operation sdfsdf                    
                    DEBUG    [CEDE_PLANNER] Loading planner   c_operation.py:365
                             for operation sdfsdf                               
                    DEBUG    [CEDE_PLANNER] Executing planner c_operation.py:367
                             for operation sdfsdf                               
                    DEBUG    = connection is CONNECTING          protocol.py:175
                    DEBUG    > GET /planner/bucket_transition      client.py:292
                             HTTP/1.1                                           
                    DEBUG    > Host: 0.0.0.0:7012                  client.py:294
                    DEBUG    > Upgrade: websocket                  client.py:294
                    DEBUG    > Connection: Upgrade                 client.py:294
                    DEBUG    > Sec-WebSocket-Key:                  client.py:294
                             U53j301N+94pKVoexum6Fw==                           
                    DEBUG    > Sec-WebSocket-Version: 13           client.py:294
                    DEBUG    > Sec-WebSocket-Extensions:           client.py:294
                             permessage-deflate;                                
                             client_max_window_bits                             
                    DEBUG    > User-Agent: Python/3.12             client.py:294
                             websockets/15.0                                    
                    DEBUG    < HTTP/1.1 101 Switching Protocols    client.py:318
                    DEBUG    < Date: Tue, 20 Jan 2026 17:05:32 GMT client.py:320
                    DEBUG    < Upgrade: websocket                  client.py:320
                    DEBUG    < Connection: Upgrade                 client.py:320
                    DEBUG    < Sec-WebSocket-Accept:               client.py:320
                             DRZsYVl41eOiFI7Co1Yf5Mkb3Xs=                       
                    DEBUG    < Sec-WebSocket-Extensions:           client.py:320
                             permessage-deflate;                                
                             server_max_window_bits=12;                         
                             client_max_window_bits=12                          
                    DEBUG    < Server: Python/3.12 websockets/15.0 client.py:320
                    DEBUG    = connection is OPEN                protocol.py:175
                    DEBUG    < CLOSE 1000 (OK) [2 bytes]         protocol.py:599
                    DEBUG    > CLOSE 1000 (OK) [2 bytes]         protocol.py:745
                    DEBUG    = connection is CLOSING             protocol.py:175
                    DEBUG    < EOF                               protocol.py:649
                    DEBUG    > EOF                               protocol.py:757
                    DEBUG    = connection is CLOSED              protocol.py:175
                    DEBUG    x half-closing TCP connection     connection.py:974
                    DEBUG    [ATOMIC] Operation sdfsdf: starting    atomic.py:17
                             atomic planner for 1 agents                        
                    DEBUG    Generated 5 usable links        planning_svc.py:179
                    DEBUG    [ATOMIC] Agent Merlino: found 5        atomic.py:22
                             possible links                                     
                    DEBUG    [ATOMIC] Agent Merlino: selected link  atomic.py:25
                             with ability System Time with Windows              
                             time Command (status will be -3)                   
                    DEBUG    [ATOMIC] Operation sdfsdf: applying 1  atomic.py:31
                             links                                              
2026-01-20 17:05:35 DEBUG    Using login handler "Default Login  auth_svc.py:126
                             Handler" for login redirect                        
2026-01-20 17:07:22 DEBUG    = connection is CONNECTING          protocol.py:175
                    DEBUG    > GET /operation/state_changed        client.py:292
                             HTTP/1.1                                           
                    DEBUG    > Host: 0.0.0.0:7012                  client.py:294
                    DEBUG    > Upgrade: websocket                  client.py:294
                    DEBUG    > Connection: Upgrade                 client.py:294
                    DEBUG    > Sec-WebSocket-Key:                  client.py:294
                             cFP9p7N9RnTKWz/1J26kMA==                           
                    DEBUG    > Sec-WebSocket-Version: 13           client.py:294
                    DEBUG    > Sec-WebSocket-Extensions:           client.py:294
                             permessage-deflate;                                
                             client_max_window_bits                             
                    DEBUG    > User-Agent: Python/3.12             client.py:294
                             websockets/15.0                                    
                    DEBUG    < HTTP/1.1 101 Switching Protocols    client.py:318
                    DEBUG    < Date: Tue, 20 Jan 2026 17:07:22 GMT client.py:320
                    DEBUG    < Upgrade: websocket                  client.py:320
                    DEBUG    < Connection: Upgrade                 client.py:320
                    DEBUG    < Sec-WebSocket-Accept:               client.py:320
                             a9ilIZuU84/GDO57IG8Su9ynJqk=                       
                    DEBUG    < Sec-WebSocket-Extensions:           client.py:320
                             permessage-deflate;                                
                             server_max_window_bits=12;                         
                             client_max_window_bits=12                          
                    DEBUG    < Server: Python/3.12 websockets/15.0 client.py:320
                    DEBUG    = connection is OPEN                protocol.py:175
                    DEBUG    < CLOSE 1000 (OK) [2 bytes]         protocol.py:599
                    DEBUG    > CLOSE 1000 (OK) [2 bytes]         protocol.py:745
                    DEBUG    = connection is CLOSING             protocol.py:175
                    DEBUG    < EOF                               protocol.py:649
                    DEBUG    > EOF                               protocol.py:757
                    DEBUG    = connection is CLOSED              protocol.py:175
                    DEBUG    x half-closing TCP connection     connection.py:974
2026-01-20 17:07:26 DEBUG    = connection is CONNECTING          protocol.py:175
                    DEBUG    > GET /operation/state_changed        client.py:292
                             HTTP/1.1                                           
                    DEBUG    > Host: 0.0.0.0:7012                  client.py:294
                    DEBUG    > Upgrade: websocket                  client.py:294
                    DEBUG    > Connection: Upgrade                 client.py:294
                    DEBUG    > Sec-WebSocket-Key:                  client.py:294
                             mvytn9lb03+5pvQK7ybmkA==                           
                    DEBUG    > Sec-WebSocket-Version: 13           client.py:294
                    DEBUG    > Sec-WebSocket-Extensions:           client.py:294
                             permessage-deflate;                                
                             client_max_window_bits                             
                    DEBUG    > User-Agent: Python/3.12             client.py:294
                             websockets/15.0                                    
                    DEBUG    < HTTP/1.1 101 Switching Protocols    client.py:318
                    DEBUG    < Date: Tue, 20 Jan 2026 17:07:26 GMT client.py:320
                    DEBUG    < Upgrade: websocket                  client.py:320
                    DEBUG    < Connection: Upgrade                 client.py:320
                    DEBUG    < Sec-WebSocket-Accept:               client.py:320
                             Uc91sDKblHyXiUx4yBN3QAvSfNs=                       
                    DEBUG    < Sec-WebSocket-Extensions:           client.py:320
                             permessage-deflate;                                
                             server_max_window_bits=12;                         
                             client_max_window_bits=12                          
                    DEBUG    < Server: Python/3.12 websockets/15.0 client.py:320
                    DEBUG    = connection is OPEN                protocol.py:175
                    DEBUG    < CLOSE 1000 (OK) [2 bytes]         protocol.py:599
                    DEBUG    > CLOSE 1000 (OK) [2 bytes]         protocol.py:745
                    DEBUG    = connection is CLOSING             protocol.py:175
                    DEBUG    < EOF                               protocol.py:649
                    DEBUG    > EOF                               protocol.py:757
                    DEBUG    = connection is CLOSED              protocol.py:175
                    DEBUG    x half-closing TCP connection     connection.py:974
