2026-01-21 10:28:45 WARNING  --insecure flag set. Caldera will use the default user accounts in         server.py:243
                             default.yml config file.                                                                
                    INFO     Using main config from conf/default.yml                                    server.py:252
                    DEBUG    Loaded 2 parsers                                                      learning_svc.py:20
                    DEBUG    Nginx proxy already configured and running                          nginx_manager.py:345
                    DEBUG    Collision in ability name detected for                                  c_ability.py:103
                             10a9d979-e342-418a-a9b0-002c483e0fa6 and                                                
                             b1d41972-3ad9-4aa1-8f7f-05f049a2980e (Start 54ndc47). Modifying name of                 
                             the second ability to Start 54ndc47 (2)...                                              
                    DEBUG    Collision in ability name detected for 1d3cb1429f530cb89f41c65e57f03db4 c_ability.py:103
                             and 2488245e-bcbd-405d-920e-2de27db882b3 (Query Registry). Modifying                    
                             name of the second ability to Query Registry (2)...                                     
                    DEBUG    Collision in ability name detected for 68a0a328719faa26fff5b92e18108b3f c_ability.py:103
                             and 26d3702887944abcc64b406baf8f8e43 (Enumerate users and groups).                      
                             Modifying name of the second ability to Enumerate users and groups                      
                             (2)...                                                                                  
2026-01-21 10:28:46 DEBUG    Collision in ability name detected for b73d58b20bcb138a26175f240cca9de2 c_ability.py:103
                             and dca8b042fcdffcc1f5cddcff4122c434 (System Information Discovery).                    
                             Modifying name of the second ability to System Information Discovery                    
                             (2)...                                                                                  
                    DEBUG    Collision in ability name detected for 44705da4b28c8fa57fc2a2940b34565a c_ability.py:103
                             and dca8b042fcdffcc1f5cddcff4122c434 (System Information Discovery).                    
                             Modifying name of the second ability to System Information Discovery                    
                             (2)...                                                                                  
                    DEBUG    Collision in ability name detected for 4370001012f5f0df001269627b4737e9 c_ability.py:103
                             and 942316dc6a362e44b248a872e5f42c92 (System Owner/User Discovery).                     
                             Modifying name of the second ability to System Owner/User Discovery                     
                             (2)...                                                                                  
                    DEBUG    Collision in ability name detected for 5ac7f6ec1898d8d408f9cdc687262cc7 c_ability.py:103
                             and 7db784562afbea0265fcafc4243b66de (Exfiltration Over Alternative                     
                             Protocol - SSH). Modifying name of the second ability to Exfiltration                   
                             Over Alternative Protocol - SSH (2)...                                                  
                    DEBUG    Collision in ability name detected for 3838447b079b302fe75b700a70163815 c_ability.py:103
                             and fcf71ee3-d1a9-4136-b919-9e5f6da43608 (Clear Logs). Modifying name                   
                             of the second ability to Clear Logs (2)...                                              
                    DEBUG    Collision in ability name detected for f674301b84ea3344f119270bf7bb97cd c_ability.py:103
                             and 4d4b29abb6b1e580e33c0035c1fc37ad (rm -rf). Modifying name of the                    
                             second ability to rm -rf (2)...                                                         
                    DEBUG    Collision in ability name detected for 9bd1997d793d0ac5b1aea4888c75c932 c_ability.py:103
                             and 3bfd3a51f3c7352d7c6c6c785d01e5f7 (Loadable Kernel Module based                      
                             Rootkit). Modifying name of the second ability to Loadable Kernel                       
                             Module based Rootkit (2)...                                                             
                    DEBUG    Collision in ability name detected for 9bd17863cd45f82002a6f011de139363 c_ability.py:103
                             and ab44803d5a9c299258efff185b0f70b5 (rc.common). Modifying name of the                 
                             second ability to rc.common (2)...                                                      
                    DEBUG    Collision in ability name detected for e0c75b4cc32124ef4c61508694fd0808 c_ability.py:103
                             and c84a57391dbc724dc51436deb3e0ca00 (Get-DomainUser with PowerView).                   
                             Modifying name of the second ability to Get-DomainUser with PowerView                   
                             (2)...                                                                                  
                    DEBUG    Collision in ability name detected for 52928f462ea8f5fa617aa8c815f5598b c_ability.py:103
                             and 5e3512c73a461c17ddcb1cc0bbdbeef9 (WinPwn - PowerSharpPack -                         
                             Kerberoasting Using Rubeus). Modifying name of the second ability to                    
                             WinPwn - PowerSharpPack - Kerberoasting Using Rubeus (2)...                             
                    DEBUG    Restored data from persistent storage                                    data_svc.py:116
                    DEBUG    There are 0 jobs in the scheduler                                        data_svc.py:117
                    DEBUG    Restored data from persistent storage                          base_knowledge_svc.py:308
                    DEBUG    Registered contact: gist                                               contact_svc.py:38
                    DEBUG    Registered contact: html                                               contact_svc.py:38
                    DEBUG    Registered contact: ftp                                                contact_svc.py:38
                    DEBUG    Registered contact: slack                                              contact_svc.py:38
                    DEBUG    Registered contact: tcp                                                contact_svc.py:38
                    DEBUG    Registered contact: websocket                                          contact_svc.py:38
                    DEBUG    Registered contact: http                                               contact_svc.py:38
                    DEBUG    Registered contact: dns                                                contact_svc.py:38
                    DEBUG    Registered contact: udp                                                contact_svc.py:38
                    DEBUG    Registered contact tunnel: ssh_tunneling                               contact_svc.py:53
                    INFO     Invalid Github Gist personal API token provided. Gist C2 contact will contact_gist.py:70
                             not be started.                                                                         
                    ERROR    Task exception was never retrieved                                   base_events.py:1821
                             future: <Task finished name='Task-12' coro=<Contact.start() done,                       
                             defined at                                                                              
                             /home/morgana/morgana-arsenal/app/contacts/contact_dns.py:23>                           
                             exception=OSError(98, 'Address already in use')>                                        
                             ╭─────────────── Traceback (most recent call last) ────────────────╮                    
                             │ /home/morgana/morgana-arsenal/app/contacts/contact_dns.py:27 in  │                    
                             │ start                                                            │                    
                             │                                                                  │                    
                             │    24 │   │   loop = asyncio.get_event_loop()                    │                    
                             │    25 │   │   dns = self.get_config('app.contact.dns.socket')    │                    
                             │    26 │   │   addr, port = dns.split(':')                        │                    
                             │ ❱  27 │   │   self.transport, _ = await loop.create_datagram_end │                    
                             │       local_addr=(addr, port))                                   │                    
                             │    28 │                                                          │                    
                             │    29 │   async def stop(self):                                  │                    
                             │    30 │   │   if self.transport:                                 │                    
                             │                                                                  │                    
                             │ /usr/lib/python3.12/asyncio/base_events.py:1423 in               │                    
                             │ create_datagram_endpoint                                         │                    
                             │                                                                  │                    
                             │   1420 │   │   │   │   else:                                     │                    
                             │   1421 │   │   │   │   │   break                                 │                    
                             │   1422 │   │   │   else:                                         │                    
                             │ ❱ 1423 │   │   │   │   raise exceptions[0]                       │                    
                             │   1424 │   │                                                     │                    
                             │   1425 │   │   protocol = protocol_factory()                     │                    
                             │   1426 │   │   waiter = self.create_future()                     │                    
                             │                                                                  │                    
                             │ /usr/lib/python3.12/asyncio/base_events.py:1407 in               │                    
                             │ create_datagram_endpoint                                         │                    
                             │                                                                  │                    
                             │   1404 │   │   │   │   │   sock.setblocking(False)               │                    
                             │   1405 │   │   │   │   │                                         │                    
                             │   1406 │   │   │   │   │   if local_addr:                        │                    
                             │ ❱ 1407 │   │   │   │   │   │   sock.bind(local_address)          │                    
                             │   1408 │   │   │   │   │   if remote_addr:                       │                    
                             │   1409 │   │   │   │   │   │   if not allow_broadcast:           │                    
                             │   1410 │   │   │   │   │   │   │   await self.sock_connect(sock, │                    
                             ╰──────────────────────────────────────────────────────────────────╯                    
                             OSError: [Errno 98] Address already in use                                              
                    INFO     Generating temporary SSH private key. Was unable to use provided SSH    tunnel_ssh.py:26
                             private key                                                                             
                    ERROR    Task exception was never retrieved                                   base_events.py:1821
                             future: <Task finished name='Task-13' coro=<Contact.start() done,                       
                             defined at                                                                              
                             /home/morgana/morgana-arsenal/app/contacts/contact_udp.py:18>                           
                             exception=OSError(98, 'Address already in use')>                                        
                             ╭─────────────── Traceback (most recent call last) ────────────────╮                    
                             │ /home/morgana/morgana-arsenal/app/contacts/contact_udp.py:22 in  │                    
                             │ start                                                            │                    
                             │                                                                  │                    
                             │   19 │   │   loop = asyncio.get_event_loop()                     │                    
                             │   20 │   │   udp = self.get_config('app.contact.udp')            │                    
                             │   21 │   │   addr, port = udp.split(':')                         │                    
                             │ ❱ 22 │   │   self.transport, _ = await loop.create_task(loop.cre │                    
                             │      self.handler, local_addr=(addr, port)))                     │                    
                             │   23 │                                                           │                    
                             │   24 │   async def stop(self):                                   │                    
                             │   25 │   │   if self.transport:                                  │                    
                             │                                                                  │                    
                             │ /usr/lib/python3.12/asyncio/base_events.py:1423 in               │                    
                             │ create_datagram_endpoint                                         │                    
                             │                                                                  │                    
                             │   1420 │   │   │   │   else:                                     │                    
                             │   1421 │   │   │   │   │   break                                 │                    
                             │   1422 │   │   │   else:                                         │                    
                             │ ❱ 1423 │   │   │   │   raise exceptions[0]                       │                    
                             │   1424 │   │                                                     │                    
                             │   1425 │   │   protocol = protocol_factory()                     │                    
                             │   1426 │   │   waiter = self.create_future()                     │                    
                             │                                                                  │                    
                             │ /usr/lib/python3.12/asyncio/base_events.py:1407 in               │                    
                             │ create_datagram_endpoint                                         │                    
                             │                                                                  │                    
                             │   1404 │   │   │   │   │   sock.setblocking(False)               │                    
                             │   1405 │   │   │   │   │                                         │                    
                             │   1406 │   │   │   │   │   if local_addr:                        │                    
                             │ ❱ 1407 │   │   │   │   │   │   sock.bind(local_address)          │                    
                             │   1408 │   │   │   │   │   if remote_addr:                       │                    
                             │   1409 │   │   │   │   │   │   if not allow_broadcast:           │                    
                             │   1410 │   │   │   │   │   │   │   await self.sock_connect(sock, │                    
                             ╰──────────────────────────────────────────────────────────────────╯                    
                             OSError: [Errno 98] Address already in use                                              
                    INFO     Enabled plugin: access                                                    app_svc.py:131
                    DEBUG    Loaded gocat extension module: slack                                      sand_svc.py:94
                    DEBUG    Loaded gocat extension module: dns_tunneling                              sand_svc.py:94
                    DEBUG    Loaded gocat extension module: proxy_http                                 sand_svc.py:94
                    DEBUG    Loaded gocat extension module: shells                                     sand_svc.py:94
                    DEBUG    Loaded gocat extension module: native                                     sand_svc.py:94
                    DEBUG    Loaded gocat extension module: shellcode                                  sand_svc.py:94
                    DEBUG    Loaded gocat extension module: donut                                      sand_svc.py:94
                    DEBUG    Loaded gocat extension module: shared                                     sand_svc.py:94
                    INFO     Enabled plugin: merlino                                                   app_svc.py:131
                    INFO     Enabled plugin: compass                                                   app_svc.py:131
                    ERROR    Error importing plugin=builder, No module named 'docker'                  c_plugin.py:91
                    ERROR    Error loading plugin=builder, 'NoneType' object has no attribute          c_plugin.py:59
                             'description'                                                                           
                    INFO     Enabled plugin: training                                                  app_svc.py:131
                    INFO     Enabled plugin: debrief                                                   app_svc.py:131
                    INFO     Enabled plugin: manx                                                      app_svc.py:131
                    INFO     Enabled plugin: stockpile                                                 app_svc.py:131
                    INFO     Enabled plugin: atomic                                                    app_svc.py:131
                    INFO     Enabled plugin: fieldmanual                                               app_svc.py:131
                    INFO     Enabled plugin: magma                                                     app_svc.py:131
                    DEBUG    Configuration (agents) update, setting                                  base_world.py:46
                             deployments=['356d1722-7784-40c4-822b-0cf864b0b36d',                                    
                             '0ab383be-b819-41bf-91b9-1bd4404d83bf',                                                 
                             '1837b43e-4fff-46b2-a604-a602f7540469',                                                 
                             '2f34977d-9558-4c12-abad-349716777c6b',                                                 
                             'merlino-1234-5678-90ab-cdef-merlino1']                                                 
                    INFO     Enabled plugin: response                                                  app_svc.py:131
                    DEBUG    Loaded gocat extension module: slack                                      sand_svc.py:94
                    DEBUG    Loaded gocat extension module: dns_tunneling                              sand_svc.py:94
                    DEBUG    Loaded gocat extension module: proxy_http                                 sand_svc.py:94
                    DEBUG    Loaded gocat extension module: shells                                     sand_svc.py:94
                    DEBUG    Loaded gocat extension module: native                                     sand_svc.py:94
                    DEBUG    Loaded gocat extension module: shellcode                                  sand_svc.py:94
                    DEBUG    Loaded gocat extension module: donut                                      sand_svc.py:94
                    DEBUG    Loaded gocat extension module: shared                                     sand_svc.py:94
                    INFO     Enabled plugin: sandcat                                                   app_svc.py:131
                    ERROR    Task exception was never retrieved                                   base_events.py:1821
                             future: <Task finished name='Task-16' coro=<start_server() done,                        
                             defined at /usr/lib/python3.12/asyncio/streams.py:54>                                   
                             exception=OSError(98, "error while attempting to bind on address                        
                             ('0.0.0.0', 7010): address already in use")>                                            
                             ╭─────────────── Traceback (most recent call last) ────────────────╮                    
                             │ /usr/lib/python3.12/asyncio/streams.py:84 in start_server        │                    
                             │                                                                  │                    
                             │    81 │   │   │   │   │   │   │   │   │   │   loop=loop)         │                    
                             │    82 │   │   return protocol                                    │                    
                             │    83 │                                                          │                    
                             │ ❱  84 │   return await loop.create_server(factory, host, port, * │                    
                             │    85                                                            │                    
                             │    86                                                            │                    
                             │    87 if hasattr(socket, 'AF_UNIX'):                             │                    
                             │                                                                  │                    
                             │ /usr/lib/python3.12/asyncio/base_events.py:1572 in create_server │                    
                             │                                                                  │                    
                             │   1569 │   │   │   │   │   │   │   if self._debug:               │                    
                             │   1570 │   │   │   │   │   │   │   │   logger.warning(msg)       │                    
                             │   1571 │   │   │   │   │   │   │   continue                      │                    
                             │ ❱ 1572 │   │   │   │   │   │   raise OSError(err.errno, msg) fro │                    
                             │   1573 │   │   │   │                                             │                    
                             │   1574 │   │   │   │   if not sockets:                           │                    
                             │   1575 │   │   │   │   │   raise OSError('could not bind on any  │                    
                             ╰──────────────────────────────────────────────────────────────────╯                    
                             OSError: [Errno 98] error while attempting to bind on address                           
                             ('0.0.0.0', 7010): address already in use                                               
                    INFO     Creating SSH listener on 0.0.0.0, port 8022                               logging.py:102
                    ERROR    Task exception was never retrieved                                   base_events.py:1821
                             future: <Task finished name='Task-7' coro=<Contact.start() done,                        
                             defined at                                                                              
                             /home/morgana/morgana-arsenal/app/contacts/contact_ftp.py:44>                           
                             exception=OSError(98, "error while attempting to bind on address                        
                             ('0.0.0.0', 2222): address already in use")>                                            
                             ╭─────────────── Traceback (most recent call last) ────────────────╮                    
                             │ /home/morgana/morgana-arsenal/app/contacts/contact_ftp.py:50 in  │                    
                             │ start                                                            │                    
                             │                                                                  │                    
                             │    47 │   │   │   self.task = asyncio.create_task(self.ftp_serve │                    
                             │    48 │   │   else:                                              │                    
                             │    49 │   │   │   self.task = asyncio.create_task(self.ftp_serve │                    
                             │ ❱  50 │   │   await self.task                                    │                    
                             │    51 │                                                          │                    
                             │    52 │   async def stop(self):                                  │                    
                             │    53 │   │   self.task.cancel()                                 │                    
                             │                                                                  │                    
                             │ /home/morgana/morgana-arsenal/app/contacts/contact_ftp.py:96 in  │                    
                             │ ftp_server_python_new                                            │                    
                             │                                                                  │                    
                             │    93 │   │   await self.server.start(host=self.host, port=self. │                    
                             │    94 │                                                          │                    
                             │    95 │   async def ftp_server_python_new(self):                 │                    
                             │ ❱  96 │   │   await self.server.run(host=self.host, port=self.po │                    
                             │    97 │                                                          │                    
                             │    98 │   def check_config(self):                                │                    
                             │    99 │   │   if not self.get_config(FTP_HOST_PROPERTY):         │                    
                             │                                                                  │                    
                             │ /home/morgana/.local/lib/python3.12/site-packages/aioftp/server. │                    
                             │ py:766 in run                                                    │                    
                             │                                                                  │                    
                             │    763 │   │   :param kwargs: keyword arguments, they passed to  │                    
                             │    764 │   │   │   :py:func:`asyncio.start_server`               │                    
                             │    765 │   │   """                                               │                    
                             │ ❱  766 │   │   await self.start(host=host, port=port, **kwargs)  │                    
                             │    767 │   │   try:                                              │                    
                             │    768 │   │   │   await self.serve_forever()                    │                    
                             │    769 │   │   finally:                                          │                    
                             │                                                                  │                    
                             │ /home/morgana/.local/lib/python3.12/site-packages/aioftp/server. │                    
                             │ py:727 in start                                                  │                    
                             │                                                                  │                    
                             │    724 │   │   self.connections = {}                             │                    
                             │    725 │   │   self.server_host = host                           │                    
                             │    726 │   │   self.server_port = port                           │                    
                             │ ❱  727 │   │   self.server = await asyncio.start_server(         │                    
                             │    728 │   │   │   self.dispatcher,                              │                    
                             │    729 │   │   │   host,                                         │                    
                             │    730 │   │   │   port,                                         │                    
                             │                                                                  │                    
                             │ /usr/lib/python3.12/asyncio/streams.py:84 in start_server        │                    
                             │                                                                  │                    
                             │    81 │   │   │   │   │   │   │   │   │   │   loop=loop)         │                    
                             │    82 │   │   return protocol                                    │                    
                             │    83 │                                                          │                    
                             │ ❱  84 │   return await loop.create_server(factory, host, port, * │                    
                             │    85                                                            │                    
                             │    86                                                            │                    
                             │    87 if hasattr(socket, 'AF_UNIX'):                             │                    
                             │                                                                  │                    
                             │ /usr/lib/python3.12/asyncio/base_events.py:1572 in create_server │                    
                             │                                                                  │                    
                             │   1569 │   │   │   │   │   │   │   if self._debug:               │                    
                             │   1570 │   │   │   │   │   │   │   │   logger.warning(msg)       │                    
                             │   1571 │   │   │   │   │   │   │   continue                      │                    
                             │ ❱ 1572 │   │   │   │   │   │   raise OSError(err.errno, msg) fro │                    
                             │   1573 │   │   │   │                                             │                    
                             │   1574 │   │   │   │   if not sockets:                           │                    
                             │   1575 │   │   │   │   │   raise OSError('could not bind on any  │                    
                             ╰──────────────────────────────────────────────────────────────────╯                    
                             OSError: [Errno 98] error while attempting to bind on address                           
                             ('0.0.0.0', 2222): address already in use                                               
2026-01-21 10:28:47 WARNING  Unable to properly load .donut for payload                               data_svc.py:459
                             plugins.stockpile.app.donut.donut_handler due to failed import                          
                    ERROR    Error starting SSH server: [Errno 98] error while attempting to bind on tunnel_ssh.py:32
                             address ('0.0.0.0', 8022): address already in use                                       
2026-01-21 10:28:50 INFO     Docs built successfully.                                                      hook.py:60
                    DEBUG    Using default login handler.                                             auth_svc.py:209
                    DEBUG    Created authentication group: blue                                        auth_svc.py:72
                    DEBUG    Created authentication group: red                                         auth_svc.py:72
Traceback (most recent call last):
  File "/home/morgana/morgana-arsenal/server.py", line 314, in <module>
    run_tasks(services=app_svc.get_services(), run_vue_server=args.uiDevHost)
  File "/home/morgana/morgana-arsenal/server.py", line 123, in run_tasks
    loop.run_until_complete(start_server())
  File "/usr/lib/python3.12/asyncio/base_events.py", line 687, in run_until_complete
    return future.result()
           ^^^^^^^^^^^^^^^
  File "/home/morgana/morgana-arsenal/server.py", line 82, in start_server
    await web.TCPSite(
  File "/home/morgana/.local/lib/python3.12/site-packages/aiohttp/web_runner.py", line 121, in start
    self._server = await loop.create_server(
                   ^^^^^^^^^^^^^^^^^^^^^^^^^
  File "/usr/lib/python3.12/asyncio/base_events.py", line 1572, in create_server
    raise OSError(err.errno, msg) from None
OSError: [Errno 98] error while attempting to bind on address ('0.0.0.0', 8888): address already in use
